mode: atomic
git.sr.ht/~jamesponddotco/credential-go/store.go:52.41,55.18 2 7
git.sr.ht/~jamesponddotco/credential-go/store.go:55.18,57.3 1 1
git.sr.ht/~jamesponddotco/credential-go/store.go:59.2,60.26 2 6
git.sr.ht/~jamesponddotco/credential-go/store.go:60.26,62.3 1 1
git.sr.ht/~jamesponddotco/credential-go/store.go:64.2,64.41 1 5
git.sr.ht/~jamesponddotco/credential-go/store.go:64.41,66.3 1 1
git.sr.ht/~jamesponddotco/credential-go/store.go:68.2,71.19 3 4
git.sr.ht/~jamesponddotco/credential-go/store.go:76.49,78.16 2 3
git.sr.ht/~jamesponddotco/credential-go/store.go:78.16,80.3 1 2
git.sr.ht/~jamesponddotco/credential-go/store.go:82.2,82.42 1 1
git.sr.ht/~jamesponddotco/credential-go/store.go:87.54,88.83 1 3
git.sr.ht/~jamesponddotco/credential-go/store.go:88.83,90.3 1 1
git.sr.ht/~jamesponddotco/credential-go/store.go:92.2,93.16 2 2
git.sr.ht/~jamesponddotco/credential-go/store.go:93.16,95.3 1 1
git.sr.ht/~jamesponddotco/credential-go/store.go:97.2,97.19 1 1
